paw-android/app/build/intermediates/manifest_merge_blame_file/debug/processDebugMainManifest/manifest-merger-blame-debug-report.txt
1<?xml version="1.0" encoding="utf-8"?>
2<manifest xmlns:android="http://schemas.android.com/apk/res/android"
3    package="dev.paw.android"
4    android:versionCode="1"
5    android:versionName="0.1.0" >
6
7    <uses-sdk
8        android:minSdkVersion="28"
9        android:targetSdkVersion="35" />
10
11    <uses-permission android:name="android.permission.INTERNET" />
11-->src/main/AndroidManifest.xml:3:5-67
11-->src/main/AndroidManifest.xml:3:22-64
12    <uses-permission android:name="android.permission.POST_NOTIFICATIONS" />
12-->src/main/AndroidManifest.xml:4:5-77
12-->src/main/AndroidManifest.xml:4:22-74
13    <uses-permission android:name="android.permission.ACCESS_NETWORK_STATE" />
13-->[com.google.firebase:firebase-messaging:25.0.0] AndroidManifest.xml:22:5-79
13-->[com.google.firebase:firebase-messaging:25.0.0] AndroidManifest.xml:22:22-76
14    <uses-permission android:name="android.permission.WAKE_LOCK" /> <!-- Required by older versions of Google Play services to create IID tokens -->
14-->[com.google.firebase:firebase-messaging:25.0.0] AndroidManifest.xml:24:5-68
14-->[com.google.firebase:firebase-messaging:25.0.0] AndroidManifest.xml:24:22-65
15    <uses-permission android:name="com.google.android.c2dm.permission.RECEIVE" />
15-->[com.google.firebase:firebase-messaging:25.0.0] AndroidManifest.xml:26:5-82
15-->[com.google.firebase:firebase-messaging:25.0.0] AndroidManifest.xml:26:22-79
16
17    <permission
17-->[androidx.core:core:1.16.0] AndroidManifest.xml:22:5-24:47
18        android:name="dev.paw.android.DYNAMIC_RECEIVER_NOT_EXPORTED_PERMISSION"
18-->[androidx.core:core:1.16.0] AndroidManifest.xml:23:9-81
19        android:protectionLevel="signature" />
19-->[androidx.core:core:1.16.0] AndroidManifest.xml:24:9-44
20
21    <uses-permission android:name="dev.paw.android.DYNAMIC_RECEIVER_NOT_EXPORTED_PERMISSION" />
21-->[androidx.core:core:1.16.0] AndroidManifest.xml:26:5-97
21-->[androidx.core:core:1.16.0] AndroidManifest.xml:26:22-94
22
23    <application
23-->src/main/AndroidManifest.xml:6:5-27:19
24        android:allowBackup="true"
24-->src/main/AndroidManifest.xml:7:9-35
25        android:appComponentFactory="androidx.core.app.CoreComponentFactory"
25-->[androidx.core:core:1.16.0] AndroidManifest.xml:28:18-86
26        android:debuggable="true"
27        android:extractNativeLibs="false"
28        android:label="@string/app_name"
28-->src/main/AndroidManifest.xml:8:9-41
29        android:supportsRtl="true"
29-->src/main/AndroidManifest.xml:9:9-35
30        android:theme="@style/Theme.PawAndroid" >
30-->src/main/AndroidManifest.xml:10:9-48
31        <activity
31-->src/main/AndroidManifest.xml:11:9-18:20
32            android:name="dev.paw.android.MainActivity"
32-->src/main/AndroidManifest.xml:12:13-41
33            android:exported="true" >
33-->src/main/AndroidManifest.xml:13:13-36
34            <intent-filter>
34-->src/main/AndroidManifest.xml:14:13-17:29
35                <action android:name="android.intent.action.MAIN" />
35-->src/main/AndroidManifest.xml:15:17-69
35-->src/main/AndroidManifest.xml:15:25-66
36
37                <category android:name="android.intent.category.LAUNCHER" />
37-->src/main/AndroidManifest.xml:16:17-77
37-->src/main/AndroidManifest.xml:16:27-74
38            </intent-filter>
39        </activity>
40
41        <service
41-->src/main/AndroidManifest.xml:20:9-26:19
42            android:name="dev.paw.android.PawFirebaseMessagingService"
42-->src/main/AndroidManifest.xml:21:13-56
43            android:exported="false" >
43-->src/main/AndroidManifest.xml:22:13-37
44            <intent-filter>
44-->src/main/AndroidManifest.xml:23:13-25:29
45                <action android:name="com.google.firebase.MESSAGING_EVENT" />
45-->src/main/AndroidManifest.xml:24:17-78
45-->src/main/AndroidManifest.xml:24:25-75
46            </intent-filter>
47        </service>
48
49        <receiver
49-->[com.google.firebase:firebase-messaging:25.0.0] AndroidManifest.xml:29:9-40:20
50            android:name="com.google.firebase.iid.FirebaseInstanceIdReceiver"
50-->[com.google.firebase:firebase-messaging:25.0.0] AndroidManifest.xml:30:13-78
51            android:exported="true"
51-->[com.google.firebase:firebase-messaging:25.0.0] AndroidManifest.xml:31:13-36
52            android:permission="com.google.android.c2dm.permission.SEND" >
52-->[com.google.firebase:firebase-messaging:25.0.0] AndroidManifest.xml:32:13-73
53            <intent-filter>
53-->[com.google.firebase:firebase-messaging:25.0.0] AndroidManifest.xml:33:13-35:29
54                <action android:name="com.google.android.c2dm.intent.RECEIVE" />
54-->[com.google.firebase:firebase-messaging:25.0.0] AndroidManifest.xml:34:17-81
54-->[com.google.firebase:firebase-messaging:25.0.0] AndroidManifest.xml:34:25-78
55            </intent-filter>
56
57            <meta-data
57-->[com.google.firebase:firebase-messaging:25.0.0] AndroidManifest.xml:37:13-39:40
58                android:name="com.google.android.gms.cloudmessaging.FINISHED_AFTER_HANDLED"
58-->[com.google.firebase:firebase-messaging:25.0.0] AndroidManifest.xml:38:17-92
59                android:value="true" />
59-->[com.google.firebase:firebase-messaging:25.0.0] AndroidManifest.xml:39:17-37
60        </receiver>
61        <!--
62             FirebaseMessagingService performs security checks at runtime,
63             but set to not exported to explicitly avoid allowing another app to call it.
64        -->
65        <service
65-->[com.google.firebase:firebase-messaging:25.0.0] AndroidManifest.xml:46:9-53:19
66            android:name="com.google.firebase.messaging.FirebaseMessagingService"
66-->[com.google.firebase:firebase-messaging:25.0.0] AndroidManifest.xml:47:13-82
67            android:directBootAware="true"
67-->[com.google.firebase:firebase-messaging:25.0.0] AndroidManifest.xml:48:13-43
68            android:exported="false" >
68-->[com.google.firebase:firebase-messaging:25.0.0] AndroidManifest.xml:49:13-37
69            <intent-filter android:priority="-500" >
69-->src/main/AndroidManifest.xml:23:13-25:29
70                <action android:name="com.google.firebase.MESSAGING_EVENT" />
70-->src/main/AndroidManifest.xml:24:17-78
70-->src/main/AndroidManifest.xml:24:25-75
71            </intent-filter>
72        </service>
73        <service
73-->[com.google.firebase:firebase-messaging:25.0.0] AndroidManifest.xml:54:9-63:19
74            android:name="com.google.firebase.components.ComponentDiscoveryService"
74-->[com.google.firebase:firebase-messaging:25.0.0] AndroidManifest.xml:55:13-84
75            android:directBootAware="true"
75-->[com.google.firebase:firebase-common:22.0.0] AndroidManifest.xml:32:13-43
76            android:exported="false" >
76-->[com.google.firebase:firebase-messaging:25.0.0] AndroidManifest.xml:56:13-37
77            <meta-data
77-->[com.google.firebase:firebase-messaging:25.0.0] AndroidManifest.xml:57:13-59:85
78                android:name="com.google.firebase.components:com.google.firebase.messaging.FirebaseMessagingKtxRegistrar"
78-->[com.google.firebase:firebase-messaging:25.0.0] AndroidManifest.xml:58:17-122
79                android:value="com.google.firebase.components.ComponentRegistrar" />
79-->[com.google.firebase:firebase-messaging:25.0.0] AndroidManifest.xml:59:17-82
80            <meta-data
80-->[com.google.firebase:firebase-messaging:25.0.0] AndroidManifest.xml:60:13-62:85
81                android:name="com.google.firebase.components:com.google.firebase.messaging.FirebaseMessagingRegistrar"
81-->[com.google.firebase:firebase-messaging:25.0.0] AndroidManifest.xml:61:17-119
82                android:value="com.google.firebase.components.ComponentRegistrar" />
82-->[com.google.firebase:firebase-messaging:25.0.0] AndroidManifest.xml:62:17-82
83            <meta-data
83-->[com.google.firebase:firebase-installations:18.0.0] AndroidManifest.xml:15:13-17:85
84                android:name="com.google.firebase.components:com.google.firebase.installations.FirebaseInstallationsKtxRegistrar"
84-->[com.google.firebase:firebase-installations:18.0.0] AndroidManifest.xml:16:17-130
85                android:value="com.google.firebase.components.ComponentRegistrar" />
85-->[com.google.firebase:firebase-installations:18.0.0] AndroidManifest.xml:17:17-82
86            <meta-data
86-->[com.google.firebase:firebase-installations:18.0.0] AndroidManifest.xml:18:13-20:85
87                android:name="com.google.firebase.components:com.google.firebase.installations.FirebaseInstallationsRegistrar"
87-->[com.google.firebase:firebase-installations:18.0.0] AndroidManifest.xml:19:17-127
88                android:value="com.google.firebase.components.ComponentRegistrar" />
88-->[com.google.firebase:firebase-installations:18.0.0] AndroidManifest.xml:20:17-82
89            <meta-data
89-->[com.google.firebase:firebase-common:22.0.0] AndroidManifest.xml:35:13-37:85
90                android:name="com.google.firebase.components:com.google.firebase.FirebaseCommonKtxRegistrar"
90-->[com.google.firebase:firebase-common:22.0.0] AndroidManifest.xml:36:17-109
91                android:value="com.google.firebase.components.ComponentRegistrar" />
91-->[com.google.firebase:firebase-common:22.0.0] AndroidManifest.xml:37:17-82
92            <meta-data
92-->[com.google.firebase:firebase-datatransport:18.2.0] AndroidManifest.xml:25:13-27:85
93                android:name="com.google.firebase.components:com.google.firebase.datatransport.TransportRegistrar"
93-->[com.google.firebase:firebase-datatransport:18.2.0] AndroidManifest.xml:26:17-115
94                android:value="com.google.firebase.components.ComponentRegistrar" />
94-->[com.google.firebase:firebase-datatransport:18.2.0] AndroidManifest.xml:27:17-82
95        </service>
96
97        <activity
97-->[com.google.android.gms:play-services-base:18.1.0] AndroidManifest.xml:20:9-22:45
98            android:name="com.google.android.gms.common.api.GoogleApiActivity"
98-->[com.google.android.gms:play-services-base:18.1.0] AndroidManifest.xml:20:19-85
99            android:exported="false"
99-->[com.google.android.gms:play-services-base:18.1.0] AndroidManifest.xml:22:19-43
100            android:theme="@android:style/Theme.Translucent.NoTitleBar" />
100-->[com.google.android.gms:play-services-base:18.1.0] AndroidManifest.xml:21:19-78
101
102        <provider
102-->[com.google.firebase:firebase-common:22.0.0] AndroidManifest.xml:23:9-28:39
103            android:name="com.google.firebase.provider.FirebaseInitProvider"
103-->[com.google.firebase:firebase-common:22.0.0] AndroidManifest.xml:24:13-77
104            android:authorities="dev.paw.android.firebaseinitprovider"
104-->[com.google.firebase:firebase-common:22.0.0] AndroidManifest.xml:25:13-72
105            android:directBootAware="true"
105-->[com.google.firebase:firebase-common:22.0.0] AndroidManifest.xml:26:13-43
106            android:exported="false"
106-->[com.google.firebase:firebase-common:22.0.0] AndroidManifest.xml:27:13-37
107            android:initOrder="100" />
107-->[com.google.firebase:firebase-common:22.0.0] AndroidManifest.xml:28:13-36
108
109        <activity
109-->[androidx.compose.ui:ui-tooling-android:1.10.1] AndroidManifest.xml:23:9-25:39
110            android:name="androidx.compose.ui.tooling.PreviewActivity"
110-->[androidx.compose.ui:ui-tooling-android:1.10.1] AndroidManifest.xml:24:13-71
111            android:exported="true" />
111-->[androidx.compose.ui:ui-tooling-android:1.10.1] AndroidManifest.xml:25:13-36
112
113        <uses-library
113-->[androidx.window:window:1.5.0] AndroidManifest.xml:23:9-25:40
114            android:name="androidx.window.extensions"
114-->[androidx.window:window:1.5.0] AndroidManifest.xml:24:13-54
115            android:required="false" />
115-->[androidx.window:window:1.5.0] AndroidManifest.xml:25:13-37
116        <uses-library
116-->[androidx.window:window:1.5.0] AndroidManifest.xml:26:9-28:40
117            android:name="androidx.window.sidecar"
117-->[androidx.window:window:1.5.0] AndroidManifest.xml:27:13-51
118            android:required="false" />
118-->[androidx.window:window:1.5.0] AndroidManifest.xml:28:13-37
119
120        <provider
120-->[androidx.emoji2:emoji2:1.4.0] AndroidManifest.xml:24:9-32:20
121            android:name="androidx.startup.InitializationProvider"
121-->[androidx.emoji2:emoji2:1.4.0] AndroidManifest.xml:25:13-67
122            android:authorities="dev.paw.android.androidx-startup"
122-->[androidx.emoji2:emoji2:1.4.0] AndroidManifest.xml:26:13-68
123            android:exported="false" >
123-->[androidx.emoji2:emoji2:1.4.0] AndroidManifest.xml:27:13-37
124            <meta-data
124-->[androidx.emoji2:emoji2:1.4.0] AndroidManifest.xml:29:13-31:52
125                android:name="androidx.emoji2.text.EmojiCompatInitializer"
125-->[androidx.emoji2:emoji2:1.4.0] AndroidManifest.xml:30:17-75
126                android:value="androidx.startup" />
126-->[androidx.emoji2:emoji2:1.4.0] AndroidManifest.xml:31:17-49
127            <meta-data
127-->[androidx.lifecycle:lifecycle-process:2.9.4] AndroidManifest.xml:29:13-31:52
128                android:name="androidx.lifecycle.ProcessLifecycleInitializer"
128-->[androidx.lifecycle:lifecycle-process:2.9.4] AndroidManifest.xml:30:17-78
129                android:value="androidx.startup" />
129-->[androidx.lifecycle:lifecycle-process:2.9.4] AndroidManifest.xml:31:17-49
130            <meta-data
130-->[androidx.profileinstaller:profileinstaller:1.4.0] AndroidManifest.xml:29:13-31:52
131                android:name="androidx.profileinstaller.ProfileInstallerInitializer"
131-->[androidx.profileinstaller:profileinstaller:1.4.0] AndroidManifest.xml:30:17-85
132                android:value="androidx.startup" />
132-->[androidx.profileinstaller:profileinstaller:1.4.0] AndroidManifest.xml:31:17-49
133        </provider>
134
135        <meta-data
135-->[com.google.android.gms:play-services-basement:18.3.0] AndroidManifest.xml:21:9-23:69
136            android:name="com.google.android.gms.version"
136-->[com.google.android.gms:play-services-basement:18.3.0] AndroidManifest.xml:22:13-58
137            android:value="@integer/google_play_services_version" />
137-->[com.google.android.gms:play-services-basement:18.3.0] AndroidManifest.xml:23:13-66
138
139        <activity
139-->[androidx.compose.ui:ui-test-manifest:1.10.1] AndroidManifest.xml:23:9-26:79
140            android:name="androidx.activity.ComponentActivity"
140-->[androidx.compose.ui:ui-test-manifest:1.10.1] AndroidManifest.xml:24:13-63
141            android:exported="true"
141-->[androidx.compose.ui:ui-test-manifest:1.10.1] AndroidManifest.xml:25:13-36
142            android:theme="@android:style/Theme.Material.Light.NoActionBar" />
142-->[androidx.compose.ui:ui-test-manifest:1.10.1] AndroidManifest.xml:26:13-76
143
144        <service
144-->[com.google.android.datatransport:transport-backend-cct:3.1.9] AndroidManifest.xml:28:9-34:19
145            android:name="com.google.android.datatransport.runtime.backends.TransportBackendDiscovery"
145-->[com.google.android.datatransport:transport-backend-cct:3.1.9] AndroidManifest.xml:29:13-103
146            android:exported="false" >
146-->[com.google.android.datatransport:transport-backend-cct:3.1.9] AndroidManifest.xml:30:13-37
147            <meta-data
147-->[com.google.android.datatransport:transport-backend-cct:3.1.9] AndroidManifest.xml:31:13-33:39
148                android:name="backend:com.google.android.datatransport.cct.CctBackendFactory"
148-->[com.google.android.datatransport:transport-backend-cct:3.1.9] AndroidManifest.xml:32:17-94
149                android:value="cct" />
149-->[com.google.android.datatransport:transport-backend-cct:3.1.9] AndroidManifest.xml:33:17-36
150        </service>
151        <service
151-->[com.google.android.datatransport:transport-runtime:3.1.9] AndroidManifest.xml:26:9-30:19
152            android:name="com.google.android.datatransport.runtime.scheduling.jobscheduling.JobInfoSchedulerService"
152-->[com.google.android.datatransport:transport-runtime:3.1.9] AndroidManifest.xml:27:13-117
153            android:exported="false"
153-->[com.google.android.datatransport:transport-runtime:3.1.9] AndroidManifest.xml:28:13-37
154            android:permission="android.permission.BIND_JOB_SERVICE" >
154-->[com.google.android.datatransport:transport-runtime:3.1.9] AndroidManifest.xml:29:13-69
155        </service>
156
157        <receiver
157-->[com.google.android.datatransport:transport-runtime:3.1.9] AndroidManifest.xml:32:9-34:40
158            android:name="com.google.android.datatransport.runtime.scheduling.jobscheduling.AlarmManagerSchedulerBroadcastReceiver"
158-->[com.google.android.datatransport:transport-runtime:3.1.9] AndroidManifest.xml:33:13-132
159            android:exported="false" />
159-->[com.google.android.datatransport:transport-runtime:3.1.9] AndroidManifest.xml:34:13-37
160        <receiver
160-->[androidx.profileinstaller:profileinstaller:1.4.0] AndroidManifest.xml:34:9-52:20
161            android:name="androidx.profileinstaller.ProfileInstallReceiver"
161-->[androidx.profileinstaller:profileinstaller:1.4.0] AndroidManifest.xml:35:13-76
162            android:directBootAware="false"
162-->[androidx.profileinstaller:profileinstaller:1.4.0] AndroidManifest.xml:36:13-44
163            android:enabled="true"
163-->[androidx.profileinstaller:profileinstaller:1.4.0] AndroidManifest.xml:37:13-35
164            android:exported="true"
164-->[androidx.profileinstaller:profileinstaller:1.4.0] AndroidManifest.xml:38:13-36
165            android:permission="android.permission.DUMP" >
165-->[androidx.profileinstaller:profileinstaller:1.4.0] AndroidManifest.xml:39:13-57
166            <intent-filter>
166-->[androidx.profileinstaller:profileinstaller:1.4.0] AndroidManifest.xml:40:13-42:29
167                <action android:name="androidx.profileinstaller.action.INSTALL_PROFILE" />
167-->[androidx.profileinstaller:profileinstaller:1.4.0] AndroidManifest.xml:41:17-91
167-->[androidx.profileinstaller:profileinstaller:1.4.0] AndroidManifest.xml:41:25-88
168            </intent-filter>
169            <intent-filter>
169-->[androidx.profileinstaller:profileinstaller:1.4.0] AndroidManifest.xml:43:13-45:29
170                <action android:name="androidx.profileinstaller.action.SKIP_FILE" />
170-->[androidx.profileinstaller:profileinstaller:1.4.0] AndroidManifest.xml:44:17-85
170-->[androidx.profileinstaller:profileinstaller:1.4.0] AndroidManifest.xml:44:25-82
171            </intent-filter>
172            <intent-filter>
172-->[androidx.profileinstaller:profileinstaller:1.4.0] AndroidManifest.xml:46:13-48:29
173                <action android:name="androidx.profileinstaller.action.SAVE_PROFILE" />
173-->[androidx.profileinstaller:profileinstaller:1.4.0] AndroidManifest.xml:47:17-88
173-->[androidx.profileinstaller:profileinstaller:1.4.0] AndroidManifest.xml:47:25-85
174            </intent-filter>
175            <intent-filter>
175-->[androidx.profileinstaller:profileinstaller:1.4.0] AndroidManifest.xml:49:13-51:29
176                <action android:name="androidx.profileinstaller.action.BENCHMARK_OPERATION" />
176-->[androidx.profileinstaller:profileinstaller:1.4.0] AndroidManifest.xml:50:17-95
176-->[androidx.profileinstaller:profileinstaller:1.4.0] AndroidManifest.xml:50:25-92
177            </intent-filter>
178        </receiver>
179    </application>
180
181</manifest>